
running 1 test
run_chromium_layouts --- FAILED

failures:

---- run_chromium_layouts stdout ----

thread 'run_chromium_layouts' (23864) panicked at crates\valor\tests\layouter_chromium_compare.rs:333:9:
8 layout fixture(s) failed; see log above.
note: run with `RUST_BACKTRACE=1` environment variable to display a backtrace


failures:
    run_chromium_layouts

test result: FAILED. 0 passed; 1 failed; 0 ignored; 0 measured; 0 filtered out; finished in 1.78s

